2025-07-03 14:59:18,541 - semgrep.run_scan - DEBUG - semgrep version 1.4.0
2025-07-03 14:59:18,547 - semgrep.git - DEBUG - Failed to get project url from 'git ls-remote': Command failed with exit code: 128
-----
Command failed with output:
fatal: No remote configured to list refs from.


Failed to run 'git ls-remote --get-url'. Possible reasons:

- the git binary is not available
- the current working directory is not a git repository
- the baseline commit is not a parent of the current commit
    (if you are running through semgrep-app, check if you are setting `SEMGREP_BRANCH` or `SEMGREP_BASELINE_COMMIT` properly)
- the current working directory is not marked as safe
    (fix with `git config --global --add safe.directory $(pwd)`)

Try running the command yourself to debug the issue.
2025-07-03 14:59:18,548 - semgrep.config_resolver - DEBUG - Loading local config from /home/runner/workspace/.config/.semgrep/semgrep_rules.json
2025-07-03 14:59:18,557 - semgrep.config_resolver - DEBUG - Done loading local config from /home/runner/workspace/.config/.semgrep/semgrep_rules.json
2025-07-03 14:59:18,561 - semgrep.config_resolver - DEBUG - Saving rules to /tmp/semgrep-_oybmid4.rules
2025-07-03 14:59:19,566 - semgrep.rule_lang - DEBUG - semgrep-core validation response: valid=True
2025-07-03 14:59:19,566 - semgrep.rule_lang - DEBUG - semgrep-core validation succeeded
2025-07-03 14:59:19,566 - semgrep.rule_lang - DEBUG - RPC validation succeeded
2025-07-03 14:59:19,567 - semgrep.config_resolver - DEBUG - loaded 1 configs in 1.019054651260376
2025-07-03 14:59:19,671 - semgrep.run_scan - VERBOSE - running 715 rules from 1 config /home/runner/workspace/.config/.semgrep/semgrep_rules.json_0
2025-07-03 14:59:19,671 - semgrep.run_scan - VERBOSE - No .semgrepignore found. Using default .semgrepignore rules. See the docs for the list of default ignores: https://semgrep.dev/docs/cli-usage/#ignore-files
2025-07-03 14:59:19,674 - semgrep.run_scan - VERBOSE - Rules:
2025-07-03 14:59:19,674 - semgrep.run_scan - VERBOSE - <SKIPPED DATA (too many entries; use --max-log-list-entries)>
2025-07-03 14:59:20,243 - semgrep.core_runner - DEBUG - Passing whole rules directly to semgrep_core
2025-07-03 14:59:20,482 - semgrep.core_runner - DEBUG - Running Semgrep engine with command:
2025-07-03 14:59:20,482 - semgrep.core_runner - DEBUG - /tmp/_MEIZcpDrP/semgrep/bin/opengrep-core -json -rules /tmp/tmpf41pjqow.json -j 8 -targets /tmp/tmpgpcbc4tn -timeout 5 -timeout_threshold 3 -max_memory 0 -fast
2025-07-03 14:59:37,930 - semgrep.core_runner - DEBUG - --- semgrep-core stderr ---
[00.08][[34mINFO[0m]: Executed as: /tmp/_MEIZcpDrP/semgrep/bin/opengrep-core -json -rules /tmp/tmpf41pjqow.json -j 8 -targets /tmp/tmpgpcbc4tn -timeout 5 -timeout_threshold 3 -max_memory 0 -fast
[00.08][[34mINFO[0m]: Version: 1.4.0
[00.08][[34mINFO[0m]: Parsing rules in /tmp/tmpf41pjqow.json
[00.61][[34mINFO[0m]: scan: processing 331 files (skipping 0), with 457 rules (skipping 0 )
[03.12][[33mWARNING[0m]: Fixpoint timeout while performing taint analysis [rule: config..semgrep.vendored-rules.javascript.express.security.injection.raw-html-format file: server/activate-pos-validation.ts func: activatePoSValidation:16205]
[0m[03.43][[33mWARNING[0m]: Fixpoint timeout while performing taint analysis [rule: config..semgrep.vendored-rules.typescript.react.security.audit.react-href-var file: client/src/pages/discoveries.tsx func: DiscoveriesPage:19330]
[0m[03.61][[33mWARNING[0m]: Fixpoint timeout while performing taint analysis [rule: config..semgrep.vendored-rules.javascript.lang.security.audit.detect-non-literal-require file: client/src/pages/discoveries.tsx func: DiscoveriesPage:19330]
[0m[03.78][[33mWARNING[0m]: Fixpoint timeout while performing taint analysis [rule: config..semgrep.vendored-rules.javascript.lang.security.audit.unsafe-formatstring file: client/src/pages/institutional-validation.tsx func: InstitutionalValidation:25810]
[0m[04.02][[33mWARNING[0m]: Fixpoint timeout while performing taint analysis [rule: config..semgrep.vendored-rules.javascript.express.security.injection.tainted-sql-string file: client/src/pages/discoveries.tsx func: DiscoveriesPage:19330]
[0m[04.21][[33mWARNING[0m]: Fixpoint timeout while performing taint analysis [rule: config..semgrep.vendored-rules.javascript.express.security.injection.raw-html-format file: client/src/pages/discoveries.tsx func: DiscoveriesPage:19330]
[0m[04.29][[33mWARNING[0m]: Fixpoint timeout while performing taint analysis [rule: config..semgrep.vendored-rules.javascript.express.security.injection.raw-html-format file: client/src/pages/institutional-validation.tsx func: InstitutionalValidation:25810]
[0m[04.43][[33mWARNING[0m]: Fixpoint timeout while performing taint analysis [rule: config..semgrep.vendored-rules.javascript.express.security.audit.remote-property-injection file: client/src/pages/discoveries.tsx func: DiscoveriesPage:19330]
[0m[04.68][[33mWARNING[0m]: Fixpoint timeout while performing taint analysis [rule: config..semgrep.vendored-rules.javascript.express.security.x-frame-options-misconfiguration file: client/src/pages/discoveries.tsx func: DiscoveriesPage:19330]
[0m[04.72][[33mWARNING[0m]: Fixpoint timeout while performing taint analysis [rule: config..semgrep.vendored-rules.javascript.express.security.require-request file: client/src/pages/institutional-validation.tsx func: InstitutionalValidation:25810]
[0m[04.80][[33mWARNING[0m]: Fixpoint timeout while performing taint analysis [rule: config..semgrep.vendored-rules.javascript.express.security.require-request file: client/src/pages/discoveries.tsx func: DiscoveriesPage:19330]
[0m[04.98][[33mWARNING[0m]: Fixpoint timeout while performing taint analysis [rule: config..semgrep.vendored-rules.javascript.express.security.cors-misconfiguration file: client/src/pages/discoveries.tsx func: DiscoveriesPage:19330]
[0m[05.40][[33mWARNING[0m]: Fixpoint timeout while performing taint analysis [rule: config..semgrep.vendored-rules.typescript.react.security.audit.react-href-var file: client/src/components/block-explorer.tsx func: BlockExplorer:23578]
[0m[05.85][[33mWARNING[0m]: Fixpoint timeout while performing taint analysis [rule: config..semgrep.vendored-rules.javascript.express.security.injection.raw-html-format file: server/pos-audit-engine.ts func: performComprehensiveAudit:51147]
[0m[06.41][[33mWARNING[0m]: Fixpoint timeout while performing taint analysis [rule: config..semgrep.vendored-rules.javascript.lang.security.audit.unsafe-formatstring file: client/src/pages/dashboard.tsx func: Dashboard:53044]
[0m[06.76][[33mWARNING[0m]: Fixpoint timeout while performing taint analysis [rule: config..semgrep.vendored-rules.javascript.express.security.injection.tainted-sql-string file: client/src/pages/dashboard.tsx func: Dashboard:53044]
[0m[07.52][[33mWARNING[0m]: Fixpoint timeout while performing taint analysis [rule: config..semgrep.vendored-rules.javascript.express.security.injection.raw-html-format file: client/src/pages/dashboard.tsx func: Dashboard:53044]
[0m[07.96][[33mWARNING[0m]: Fixpoint timeout while performing taint analysis [rule: config..semgrep.vendored-rules.javascript.express.security.audit.remote-property-injection file: client/src/pages/dashboard.tsx func: Dashboard:53044]
[0m[08.34][[33mWARNING[0m]: Fixpoint timeout while performing taint analysis [rule: config..semgrep.vendored-rules.javascript.express.security.x-frame-options-misconfiguration file: client/src/pages/dashboard.tsx func: Dashboard:53044]
[0m[08.50][[33mWARNING[0m]: Fixpoint timeout while performing taint analysis [rule: config..semgrep.vendored-rules.javascript.express.security.injection.raw-html-format file: shared/schema.ts func: ???]
[0m[08.60][[33mWARNING[0m]: Fixpoint timeout while performing taint analysis [rule: config..semgrep.vendored-rules.javascript.express.security.require-request file: client/src/pages/dashboard.tsx func: Dashboard:53044]
[0m[08.96][[33mWARNING[0m]: Fixpoint timeout while performing taint analysis [rule: config..semgrep.vendored-rules.javascript.express.security.cors-misconfiguration file: client/src/pages/dashboard.tsx func: Dashboard:53044]
[0m[09.52][[33mWARNING[0m]: Fixpoint timeout while performing taint analysis [rule: config..semgrep.vendored-rules.javascript.express.security.injection.raw-html-format file: client/src/components/block-explorer.tsx func: BlockExplorer:23578]
[0m[10.27][[33mWARNING[0m]: Fixpoint timeout while performing taint analysis [rule: config..semgrep.vendored-rules.javascript.lang.security.audit.path-traversal.path-join-resolve-traversal file: server/routes.ts func: registerRoutes:62574]
[0m[11.37][[33mWARNING[0m]: Fixpoint timeout while performing taint analysis [rule: config..semgrep.vendored-rules.javascript.lang.security.audit.unsafe-formatstring file: server/routes.ts func: registerRoutes:62574]
[0m[11.44][[33mWARNING[0m]: Fixpoint timeout while performing taint analysis [rule: config..semgrep.vendored-rules.javascript.lang.security.audit.unsafe-formatstring file: server/routes.ts func: registerRoutes:62574]
[0m[11.60][[33mWARNING[0m]: Fixpoint timeout while performing taint analysis [rule: config..semgrep.vendored-rules.javascript.lang.security.audit.unsafe-formatstring file: server/routes.ts func: registerRoutes:62574]
[0m[11.68][[33mWARNING[0m]: Fixpoint timeout while performing taint analysis [rule: config..semgrep.vendored-rules.javascript.lang.security.audit.unsafe-formatstring file: server/routes.ts func: registerRoutes:62574]
[0m[11.68][[33mWARNING[0m]: Fixpoint timeout while performing taint analysis [rule: config..semgrep.vendored-rules.javascript.lang.security.audit.unsafe-formatstring file: server/routes.ts func: registerRoutes:62574]
[0m[12.30][[33mWARNING[0m]: Fixpoint timeout while performing taint analysis [rule: config..semgrep.vendored-rules.javascript.express.security.injection.raw-html-format file: client/src/pages/validators.tsx func: ValidatorsPage:78066]
[0m[12.39][[33mWARNING[0m]: Fixpoint timeout while performing taint analysis [rule: config..semgrep.vendored-rules.javascript.lang.security.audit.detect-non-literal-require file: server/routes.ts func: registerRoutes:62574]
[0m[13.34][[33mWARNING[0m]: Fixpoint timeout while performing taint analysis [rule: config..semgrep.vendored-rules.javascript.express.security.injection.raw-html-format file: server/routes.ts func: registerRoutes:62574]
[0m[13.56][[33mWARNING[0m]: Fixpoint timeout while performing taint analysis [rule: config..semgrep.vendored-rules.javascript.express.security.injection.raw-html-format file: server/routes.ts func: registerRoutes:62574]
[0m[13.71][[33mWARNING[0m]: Fixpoint timeout while performing taint analysis [rule: config..semgrep.vendored-rules.javascript.express.security.injection.raw-html-format file: server/routes.ts func: registerRoutes:62574]
[0m[13.71][[33mWARNING[0m]: Fixpoint timeout while performing taint analysis [rule: config..semgrep.vendored-rules.javascript.express.security.injection.raw-html-format file: server/routes.ts func: registerRoutes:62574]
[0m[14.93][[33mWARNING[0m]: Fixpoint timeout while performing taint analysis [rule: config..semgrep.vendored-rules.javascript.express.security.audit.remote-property-injection file: server/routes.ts func: registerRoutes:62574]
[0m--- end semgrep-core stderr ---
2025-07-03 14:59:37,939 - semgrep.rule_match - DEBUG - match_key = ('', PosixPath('client/index.html'), 'config..semgrep.vendored-rules.html.security.audit.missing-integrity') match_id = 0ee74fd49637bebe183eca7188dbde26e386314e62cc2e7ba1ee60b377b638243fcd84e6c6fa04886198ccacfa6a711bfbcc61a28f9ddc913d5b3c53083cbc90_0
2025-07-03 14:59:37,940 - semgrep.rule_match - DEBUG - match_key = (' type="text/javascript" src="https://replit.com/public/js/replit-dev-banner.js" (?is).*integrity= (google-analytics\\.com|fonts\\.googleapis\\.com|fonts\\.gstatic\\.com|googletagmanager\\.com) .*rel\\s*=\\s*[\'"]?preconnect.* href="... :// ..." href="//..." href=\'... :// ...\' href=\'//...\' src="... :// ..." src="//..." src=\'... :// ...\' src=\'//...\' <link  type="text/javascript" src="https://replit.com/public/js/replit-dev-banner.js" > <script  type="text/javascript" src="https://replit.com/public/js/replit-dev-banner.js" >...</script>', PosixPath('client/index.html'), 'config..semgrep.vendored-rules.html.security.audit.missing-integrity') match_id = 0728b64e224596592d04447ba8a642ff94e1fb9fcc07be26d49dc7e7f6898e638ad16ffcaca086932c58f4c6400fe32603323afef02cf9bfebcb0e4a53562a40_0
2025-07-03 14:59:37,941 - semgrep.rule_match - DEBUG - match_key = (' type="text/javascript" src="https://replit.com/public/js/replit-dev-banner.js" (?is).*integrity= (google-analytics\\.com|fonts\\.googleapis\\.com|fonts\\.gstatic\\.com|googletagmanager\\.com) .*rel\\s*=\\s*[\'"]?preconnect.* href="... :// ..." href="//..." href=\'... :// ...\' href=\'//...\' src="... :// ..." src="//..." src=\'... :// ...\' src=\'//...\' <link  type="text/javascript" src="https://replit.com/public/js/replit-dev-banner.js" > <script  type="text/javascript" src="https://replit.com/public/js/replit-dev-banner.js" >...</script>', PosixPath('client/index.html'), 'config..semgrep.vendored-rules.html.security.audit.missing-integrity') match_id = 0728b64e224596592d04447ba8a642ff94e1fb9fcc07be26d49dc7e7f6898e638ad16ffcaca086932c58f4c6400fe32603323afef02cf9bfebcb0e4a53562a40_0
2025-07-03 14:59:37,941 - semgrep.rule_match - DEBUG - match_key = (' type="text/javascript" src="https://replit.com/public/js/replit-dev-banner.js" (?is).*integrity= (google-analytics\\.com|fonts\\.googleapis\\.com|fonts\\.gstatic\\.com|googletagmanager\\.com) .*rel\\s*=\\s*[\'"]?preconnect.* href="... :// ..." href="//..." href=\'... :// ...\' href=\'//...\' src="... :// ..." src="//..." src=\'... :// ...\' src=\'//...\' <link  type="text/javascript" src="https://replit.com/public/js/replit-dev-banner.js" > <script  type="text/javascript" src="https://replit.com/public/js/replit-dev-banner.js" >...</script>', PosixPath('client/index.html'), 'config..semgrep.vendored-rules.html.security.audit.missing-integrity') match_id = 0728b64e224596592d04447ba8a642ff94e1fb9fcc07be26d49dc7e7f6898e638ad16ffcaca086932c58f4c6400fe32603323afef02cf9bfebcb0e4a53562a40_0
2025-07-03 14:59:37,942 - semgrep.rule_match - DEBUG - match_key = ('', PosixPath('server/activate-pos-validation.ts'), 'config..semgrep.vendored-rules.javascript.lang.security.audit.unsafe-formatstring') match_id = 63909cf5103ab6f9c4a3abb51d24d9c8876a9a2c202a87a0043a91ef54439278b5ab609ba9425208c3c8982ed8717acc2c29552b7a27167090910d7efd680c41_0
2025-07-03 14:59:37,942 - semgrep.rule_match - DEBUG - match_key = ('"..." + "..."\n $X + $Y $X.concat($Y) `...${...}...`\n $X.concat("...")\n ``❌ Failed to create validation for staker staker.stakerId:` $UTIL = require(\'util\')\n...\n $UTIL.format(``❌ Failed to create validation for staker staker.stakerId:`,error,...)\n console.error(``❌ Failed to create validation for staker staker.stakerId:`,error,...)\n', PosixPath('server/activate-pos-validation.ts'), 'config..semgrep.vendored-rules.javascript.lang.security.audit.unsafe-formatstring') match_id = a2c329d8268733bc132a02e15d4b31c706fe6bd14ffc07fd6500643db17ac2d046b91f96a20df3fef7a5e8ea5e30e9c086a96e2f4a824444a99fd9d1e0bce617_0
2025-07-03 14:59:37,943 - semgrep.rule_match - DEBUG - match_key = ('"..." + "..."\n $X + $Y $X.concat($Y) `...${...}...`\n $X.concat("...")\n ``❌ Failed to create validation for staker staker.stakerId:` $UTIL = require(\'util\')\n...\n $UTIL.format(``❌ Failed to create validation for staker staker.stakerId:`,error,...)\n console.error(``❌ Failed to create validation for staker staker.stakerId:`,error,...)\n', PosixPath('server/activate-pos-validation.ts'), 'config..semgrep.vendored-rules.javascript.lang.security.audit.unsafe-formatstring') match_id = a2c329d8268733bc132a02e15d4b31c706fe6bd14ffc07fd6500643db17ac2d046b91f96a20df3fef7a5e8ea5e30e9c086a96e2f4a824444a99fd9d1e0bce617_0
2025-07-03 14:59:37,944 - semgrep.rule_match - DEBUG - match_key = ('"..." + "..."\n $X + $Y $X.concat($Y) `...${...}...`\n $X.concat("...")\n ``❌ Failed to create validation for staker staker.stakerId:` $UTIL = require(\'util\')\n...\n $UTIL.format(``❌ Failed to create validation for staker staker.stakerId:`,error,...)\n console.error(``❌ Failed to create validation for staker staker.stakerId:`,error,...)\n', PosixPath('server/activate-pos-validation.ts'), 'config..semgrep.vendored-rules.javascript.lang.security.audit.unsafe-formatstring') match_id = a2c329d8268733bc132a02e15d4b31c706fe6bd14ffc07fd6500643db17ac2d046b91f96a20df3fef7a5e8ea5e30e9c086a96e2f4a824444a99fd9d1e0bce617_0
2025-07-03 14:59:37,945 - semgrep.rule_match - DEBUG - match_key = ('', PosixPath('server/activate-pos-validation.ts'), 'config..semgrep.vendored-rules.javascript.lang.security.audit.unsafe-formatstring') match_id = 63909cf5103ab6f9c4a3abb51d24d9c8876a9a2c202a87a0043a91ef54439278b5ab609ba9425208c3c8982ed8717acc2c29552b7a27167090910d7efd680c41_0
2025-07-03 14:59:37,945 - semgrep.rule_match - DEBUG - match_key = ('"..." + "..."\n $X + $Y $X.concat($Y) `...${...}...`\n $X.concat("...")\n ``❌ Failed to process discovery discovery.id:` $UTIL = require(\'util\')\n...\n $UTIL.format(``❌ Failed to process discovery discovery.id:`,error,...)\n console.error(``❌ Failed to process discovery discovery.id:`,error,...)\n', PosixPath('server/activate-pos-validation.ts'), 'config..semgrep.vendored-rules.javascript.lang.security.audit.unsafe-formatstring') match_id = e5264c7e0b449316c172f44015d5f119ebac897e9409e4959efb9ab859a998c7800d686add9e56ce68c39fd7873ad92d9f1b1633061d8bff49a04ea9d9f8d14b_0
2025-07-03 14:59:37,946 - semgrep.rule_match - DEBUG - match_key = ('"..." + "..."\n $X + $Y $X.concat($Y) `...${...}...`\n $X.concat("...")\n ``❌ Failed to process discovery discovery.id:` $UTIL = require(\'util\')\n...\n $UTIL.format(``❌ Failed to process discovery discovery.id:`,error,...)\n console.error(``❌ Failed to process discovery discovery.id:`,error,...)\n', PosixPath('server/activate-pos-validation.ts'), 'config..semgrep.vendored-rules.javascript.lang.security.audit.unsafe-formatstring') match_id = e5264c7e0b449316c172f44015d5f119ebac897e9409e4959efb9ab859a998c7800d686add9e56ce68c39fd7873ad92d9f1b1633061d8bff49a04ea9d9f8d14b_0
2025-07-03 14:59:37,946 - semgrep.rule_match - DEBUG - match_key = ('"..." + "..."\n $X + $Y $X.concat($Y) `...${...}...`\n $X.concat("...")\n ``❌ Failed to process discovery discovery.id:` $UTIL = require(\'util\')\n...\n $UTIL.format(``❌ Failed to process discovery discovery.id:`,error,...)\n console.error(``❌ Failed to process discovery discovery.id:`,error,...)\n', PosixPath('server/activate-pos-validation.ts'), 'config..semgrep.vendored-rules.javascript.lang.security.audit.unsafe-formatstring') match_id = e5264c7e0b449316c172f44015d5f119ebac897e9409e4959efb9ab859a998c7800d686add9e56ce68c39fd7873ad92d9f1b1633061d8bff49a04ea9d9f8d14b_0
2025-07-03 14:59:37,947 - semgrep.rule_match - DEBUG - match_key = ('', PosixPath('server/pos-audit-engine.ts'), 'config..semgrep.vendored-rules.javascript.lang.security.audit.unsafe-formatstring') match_id = b311055907311f4925ce15c022ed07c4a2da7818e5697baa20471a4b87e328a64bebd657c4e0afd37ca504a75f9159b0347c46e44edfdb0f35cf36dd213e2e17_0
2025-07-03 14:59:37,947 - semgrep.rule_match - DEBUG - match_key = ('"..." + "..."\n $X + $Y $X.concat($Y) `...${...}...`\n $X.concat("...")\n ``❌ PoS AUDIT: Failed to create record for validation validation.id:` $UTIL = require(\'util\')\n...\n $UTIL.format(``❌ PoS AUDIT: Failed to create record for validation validation.id:`,error,...)\n console.error(``❌ PoS AUDIT: Failed to create record for validation validation.id:`,error,...)\n', PosixPath('server/pos-audit-engine.ts'), 'config..semgrep.vendored-rules.javascript.lang.security.audit.unsafe-formatstring') match_id = 605ecee6f95d65624f7a7db52cd0a39f0265f6cf2ac98a57f6b5d62323f7fd105225df50525bb253c89de946f0d7ebf2004d2ec3a6172c01bc21a65aa4241b54_0
2025-07-03 14:59:37,948 - semgrep.rule_match - DEBUG - match_key = ('"..." + "..."\n $X + $Y $X.concat($Y) `...${...}...`\n $X.concat("...")\n ``❌ PoS AUDIT: Failed to create record for validation validation.id:` $UTIL = require(\'util\')\n...\n $UTIL.format(``❌ PoS AUDIT: Failed to create record for validation validation.id:`,error,...)\n console.error(``❌ PoS AUDIT: Failed to create record for validation validation.id:`,error,...)\n', PosixPath('server/pos-audit-engine.ts'), 'config..semgrep.vendored-rules.javascript.lang.security.audit.unsafe-formatstring') match_id = 605ecee6f95d65624f7a7db52cd0a39f0265f6cf2ac98a57f6b5d62323f7fd105225df50525bb253c89de946f0d7ebf2004d2ec3a6172c01bc21a65aa4241b54_0
2025-07-03 14:59:37,949 - semgrep.rule_match - DEBUG - match_key = ('"..." + "..."\n $X + $Y $X.concat($Y) `...${...}...`\n $X.concat("...")\n ``❌ PoS AUDIT: Failed to create record for validation validation.id:` $UTIL = require(\'util\')\n...\n $UTIL.format(``❌ PoS AUDIT: Failed to create record for validation validation.id:`,error,...)\n console.error(``❌ PoS AUDIT: Failed to create record for validation validation.id:`,error,...)\n', PosixPath('server/pos-audit-engine.ts'), 'config..semgrep.vendored-rules.javascript.lang.security.audit.unsafe-formatstring') match_id = 605ecee6f95d65624f7a7db52cd0a39f0265f6cf2ac98a57f6b5d62323f7fd105225df50525bb253c89de946f0d7ebf2004d2ec3a6172c01bc21a65aa4241b54_0
2025-07-03 14:59:37,950 - semgrep.rule_match - DEBUG - match_key = ('', PosixPath('server/routes.ts'), 'config..semgrep.vendored-rules.javascript.lang.security.audit.unsafe-formatstring') match_id = e24e3288a32c9ad4921da20b227a0587a0596856ea79e7c29c73137fde834094f382cf9604ac765ec32471f83cf1196712bec140c3a2b18c933a6c2a040a826f_0
2025-07-03 14:59:37,950 - semgrep.rule_match - DEBUG - match_key = ('"..." + "..."\n i + 1 i.concat(1) `...${...}...`\n i.concat("...")\n ``❌ AUTONOMOUS MINER i+1 FAILED:` $UTIL = require(\'util\')\n...\n $UTIL.format(``❌ AUTONOMOUS MINER i+1 FAILED:`,error,...)\n console.error(``❌ AUTONOMOUS MINER i+1 FAILED:`,error,...)\n', PosixPath('server/routes.ts'), 'config..semgrep.vendored-rules.javascript.lang.security.audit.unsafe-formatstring') match_id = 52d68586d5451b68addfe4587da18ef969c37c24d908d1aee9f19803166231c101b44c4fd1f7d3d905b38428925149b58ab74087799122dae5376eac0f54e694_0
2025-07-03 14:59:37,951 - semgrep.rule_match - DEBUG - match_key = ('"..." + "..."\n i + 1 i.concat(1) `...${...}...`\n i.concat("...")\n ``❌ AUTONOMOUS MINER i+1 FAILED:` $UTIL = require(\'util\')\n...\n $UTIL.format(``❌ AUTONOMOUS MINER i+1 FAILED:`,error,...)\n console.error(``❌ AUTONOMOUS MINER i+1 FAILED:`,error,...)\n', PosixPath('server/routes.ts'), 'config..semgrep.vendored-rules.javascript.lang.security.audit.unsafe-formatstring') match_id = 52d68586d5451b68addfe4587da18ef969c37c24d908d1aee9f19803166231c101b44c4fd1f7d3d905b38428925149b58ab74087799122dae5376eac0f54e694_0
2025-07-03 14:59:37,952 - semgrep.rule_match - DEBUG - match_key = ('"..." + "..."\n i + 1 i.concat(1) `...${...}...`\n i.concat("...")\n ``❌ AUTONOMOUS MINER i+1 FAILED:` $UTIL = require(\'util\')\n...\n $UTIL.format(``❌ AUTONOMOUS MINER i+1 FAILED:`,error,...)\n console.error(``❌ AUTONOMOUS MINER i+1 FAILED:`,error,...)\n', PosixPath('server/routes.ts'), 'config..semgrep.vendored-rules.javascript.lang.security.audit.unsafe-formatstring') match_id = 52d68586d5451b68addfe4587da18ef969c37c24d908d1aee9f19803166231c101b44c4fd1f7d3d905b38428925149b58ab74087799122dae5376eac0f54e694_0
2025-07-03 14:59:37,953 - semgrep.rule_match - DEBUG - match_key = ('', PosixPath('server/routes.ts'), 'config..semgrep.vendored-rules.javascript.lang.security.audit.unsafe-formatstring') match_id = e24e3288a32c9ad4921da20b227a0587a0596856ea79e7c29c73137fde834094f382cf9604ac765ec32471f83cf1196712bec140c3a2b18c933a6c2a040a826f_0
2025-07-03 14:59:37,954 - semgrep.rule_match - DEBUG - match_key = ('"..." + "..."\n i + 1 i.concat(1) `...${...}...`\n i.concat("...")\n ``Failed to spawn miner i+1:` $UTIL = require(\'util\')\n...\n $UTIL.format(``Failed to spawn miner i+1:`,error,...)\n console.error(``Failed to spawn miner i+1:`,error,...)\n', PosixPath('server/routes.ts'), 'config..semgrep.vendored-rules.javascript.lang.security.audit.unsafe-formatstring') match_id = 149bac4e0efbed2df45ccec90eea8a290a71a7c171a9579f4d4604d6fb392a2690f3eb3979a113f2fdce1fc891dc6f8a4c08a808b579d916e4f817608c105c65_0
2025-07-03 14:59:37,955 - semgrep.rule_match - DEBUG - match_key = ('"..." + "..."\n i + 1 i.concat(1) `...${...}...`\n i.concat("...")\n ``Failed to spawn miner i+1:` $UTIL = require(\'util\')\n...\n $UTIL.format(``Failed to spawn miner i+1:`,error,...)\n console.error(``Failed to spawn miner i+1:`,error,...)\n', PosixPath('server/routes.ts'), 'config..semgrep.vendored-rules.javascript.lang.security.audit.unsafe-formatstring') match_id = 149bac4e0efbed2df45ccec90eea8a290a71a7c171a9579f4d4604d6fb392a2690f3eb3979a113f2fdce1fc891dc6f8a4c08a808b579d916e4f817608c105c65_0
2025-07-03 14:59:37,956 - semgrep.rule_match - DEBUG - match_key = ('"..." + "..."\n i + 1 i.concat(1) `...${...}...`\n i.concat("...")\n ``Failed to spawn miner i+1:` $UTIL = require(\'util\')\n...\n $UTIL.format(``Failed to spawn miner i+1:`,error,...)\n console.error(``Failed to spawn miner i+1:`,error,...)\n', PosixPath('server/routes.ts'), 'config..semgrep.vendored-rules.javascript.lang.security.audit.unsafe-formatstring') match_id = 149bac4e0efbed2df45ccec90eea8a290a71a7c171a9579f4d4604d6fb392a2690f3eb3979a113f2fdce1fc891dc6f8a4c08a808b579d916e4f817608c105c65_0
2025-07-03 14:59:37,957 - semgrep.rule_match - DEBUG - match_key = ('', PosixPath('server/routes.ts'), 'config..semgrep.vendored-rules.javascript.lang.security.audit.unsafe-formatstring') match_id = e24e3288a32c9ad4921da20b227a0587a0596856ea79e7c29c73137fde834094f382cf9604ac765ec32471f83cf1196712bec140c3a2b18c933a6c2a040a826f_0
2025-07-03 14:59:37,959 - semgrep.rule_match - DEBUG - match_key = ('"..." + "..."\n $X + $Y $X.concat($Y) `...${...}...`\n $X.concat("...")\n ``❌ ERROR processing validation validation.id:` $UTIL = require(\'util\')\n...\n $UTIL.format(``❌ ERROR processing validation validation.id:`,error,...)\n console.error(``❌ ERROR processing validation validation.id:`,error,...)\n', PosixPath('server/routes.ts'), 'config..semgrep.vendored-rules.javascript.lang.security.audit.unsafe-formatstring') match_id = 8c8e95a21f93487add63a852d2b726dd7fdf062734c2ad8ca1e459a2763090e3d606e829a6ea839ebf7d70291f3f174ae37332a2b5ee3c822708614ed0f2e022_0
2025-07-03 14:59:37,960 - semgrep.rule_match - DEBUG - match_key = ('"..." + "..."\n $X + $Y $X.concat($Y) `...${...}...`\n $X.concat("...")\n ``❌ ERROR processing validation validation.id:` $UTIL = require(\'util\')\n...\n $UTIL.format(``❌ ERROR processing validation validation.id:`,error,...)\n console.error(``❌ ERROR processing validation validation.id:`,error,...)\n', PosixPath('server/routes.ts'), 'config..semgrep.vendored-rules.javascript.lang.security.audit.unsafe-formatstring') match_id = 8c8e95a21f93487add63a852d2b726dd7fdf062734c2ad8ca1e459a2763090e3d606e829a6ea839ebf7d70291f3f174ae37332a2b5ee3c822708614ed0f2e022_0
2025-07-03 14:59:37,961 - semgrep.rule_match - DEBUG - match_key = ('"..." + "..."\n $X + $Y $X.concat($Y) `...${...}...`\n $X.concat("...")\n ``❌ ERROR processing validation validation.id:` $UTIL = require(\'util\')\n...\n $UTIL.format(``❌ ERROR processing validation validation.id:`,error,...)\n console.error(``❌ ERROR processing validation validation.id:`,error,...)\n', PosixPath('server/routes.ts'), 'config..semgrep.vendored-rules.javascript.lang.security.audit.unsafe-formatstring') match_id = 8c8e95a21f93487add63a852d2b726dd7fdf062734c2ad8ca1e459a2763090e3d606e829a6ea839ebf7d70291f3f174ae37332a2b5ee3c822708614ed0f2e022_0
2025-07-03 14:59:37,963 - semgrep.rule_match - DEBUG - match_key = ('', PosixPath('server/routes.ts'), 'config..semgrep.vendored-rules.javascript.lang.security.audit.unsafe-formatstring') match_id = e24e3288a32c9ad4921da20b227a0587a0596856ea79e7c29c73137fde834094f382cf9604ac765ec32471f83cf1196712bec140c3a2b18c933a6c2a040a826f_0
2025-07-03 14:59:37,965 - semgrep.rule_match - DEBUG - match_key = ('"..." + "..."\n $X + $Y $X.concat($Y) `...${...}...`\n $X.concat("...")\n ``Failed to create immutable record for validation validation.id:` $UTIL = require(\'util\')\n...\n $UTIL.format(``Failed to create immutable record for validation validation.id:`,error,...)\n console.warn(``Failed to create immutable record for validation validation.id:`,error,...)\n', PosixPath('server/routes.ts'), 'config..semgrep.vendored-rules.javascript.lang.security.audit.unsafe-formatstring') match_id = aa16bee0e770b44ed7b6bddf1e3a584e8115d37036863dcf2305a9f58da5ee59af71bc0b2f9c6f957ee86d0faeeac25df39731b53e52128da77858b6e61fb48a_0
2025-07-03 14:59:37,967 - semgrep.rule_match - DEBUG - match_key = ('"..." + "..."\n $X + $Y $X.concat($Y) `...${...}...`\n $X.concat("...")\n ``Failed to create immutable record for validation validation.id:` $UTIL = require(\'util\')\n...\n $UTIL.format(``Failed to create immutable record for validation validation.id:`,error,...)\n console.warn(``Failed to create immutable record for validation validation.id:`,error,...)\n', PosixPath('server/routes.ts'), 'config..semgrep.vendored-rules.javascript.lang.security.audit.unsafe-formatstring') match_id = aa16bee0e770b44ed7b6bddf1e3a584e8115d37036863dcf2305a9f58da5ee59af71bc0b2f9c6f957ee86d0faeeac25df39731b53e52128da77858b6e61fb48a_0
2025-07-03 14:59:37,968 - semgrep.rule_match - DEBUG - match_key = ('"..." + "..."\n $X + $Y $X.concat($Y) `...${...}...`\n $X.concat("...")\n ``Failed to create immutable record for validation validation.id:` $UTIL = require(\'util\')\n...\n $UTIL.format(``Failed to create immutable record for validation validation.id:`,error,...)\n console.warn(``Failed to create immutable record for validation validation.id:`,error,...)\n', PosixPath('server/routes.ts'), 'config..semgrep.vendored-rules.javascript.lang.security.audit.unsafe-formatstring') match_id = aa16bee0e770b44ed7b6bddf1e3a584e8115d37036863dcf2305a9f58da5ee59af71bc0b2f9c6f957ee86d0faeeac25df39731b53e52128da77858b6e61fb48a_0
2025-07-03 14:59:37,971 - semgrep.core_runner - DEBUG - semgrep ran in 0:00:17.727953 on 113 files
2025-07-03 14:59:37,973 - semgrep.core_runner - DEBUG - findings summary: 1 warning, 0 error, 7 info
2025-07-03 14:59:37,976 - semgrep.app.auth - DEBUG - Getting API token from settings file
2025-07-03 14:59:37,976 - semgrep.app.auth - DEBUG - No API token found in settings file
2025-07-03 14:59:38,095 - semgrep.output - VERBOSE - 
========================================
Files skipped:
========================================

  Always skipped by Opengrep:

   • <none>

  Skipped by .gitignore:
  (Disable by passing --no-git-ignore)

   • <all files not listed by `git ls-files` were skipped>

  Skipped by .semgrepignore:
  - https://semgrep.dev/docs/ignoring-files-folders-code/#understand-semgrep-defaults

   • <none>

  Skipped by --include patterns:

   • <none>

  Skipped by --exclude patterns:

   • <none>

  Files skipped due to insufficient read permissions:

   • <none>

  Skipped by limiting to files smaller than 1000000 bytes:
  (Adjust with the --max-target-bytes flag)

   • <none>

  Partially analyzed due to parsing or internal Opengrep errors

   • client/src/pages/dashboard-backup.tsx (350 lines skipped)
   • client/src/pages/dashboard-complex.tsx (336 lines skipped)
   • tailwind.config.ts (1 lines skipped)

2025-07-03 14:59:38,097 - semgrep.output - INFO - Some files were skipped or only partially analyzed.
  Scan was limited to files tracked by git.
  Partially scanned: 3 files only partially analyzed due to parsing or internal Opengrep errors

Ran 438 rules on 113 files: 8 findings.
2025-07-03 14:59:38,097 - semgrep.app.version - DEBUG - Version cache does not exist
2025-07-03 14:59:38,111 - semgrep.metrics - VERBOSE - Not sending pseudonymous metrics since metrics are configured to OFF and registry usage is False
